# JRE version: OpenJDK Runtime Environment (11.0.13) (build 11.0.13+0-b1751.21-8125866)
# Java VM: OpenJDK 64-Bit Server VM (11.0.13+0-b1751.21-8125866, mixed mode, tiered, compressed oops, g1 gc, windows-amd64)
Heap:
 garbage-first heap   total 410624K, used 282211K [0x0000000080000000, 0x0000000100000000)
  region size 1024K, 123 young (125952K), 12 survivors (12288K)
 Metaspace       used 117592K, capacity 120551K, committed 121752K, reserved 1155072K
  class space    used 14609K, capacity 15779K, committed 16328K, reserved 1048576K
GC Heap History (20 events):
Event: 18.016 GC heap before
{Heap before GC invocations=43 (full 0):
 garbage-first heap   total 342016K, used 286307K [0x0000000080000000, 0x0000000100000000)
  region size 1024K, 128 young (131072K), 4 survivors (4096K)
 Metaspace       used 116618K, capacity 119315K, committed 120984K, reserved 1155072K
  class space    used 14545K, capacity 15642K, committed 16328K, reserved 1048576K
}
Event: 18.020 GC heap after
{Heap after GC invocations=44 (full 0):
 garbage-first heap   total 342016K, used 159743K [0x0000000080000000, 0x0000000100000000)
  region size 1024K, 4 young (4096K), 4 survivors (4096K)
 Metaspace       used 116618K, capacity 119315K, committed 120984K, reserved 1155072K
  class space    used 14545K, capacity 15642K, committed 16328K, reserved 1048576K
}
Event: 18.313 GC heap before
{Heap before GC invocations=44 (full 0):
 garbage-first heap   total 342016K, used 288767K [0x0000000080000000, 0x0000000100000000)
  region size 1024K, 130 young (133120K), 4 survivors (4096K)
 Metaspace       used 116633K, capacity 119379K, committed 120984K, reserved 1155072K
  class space    used 14545K, capacity 15642K, committed 16328K, reserved 1048576K
}
Event: 18.317 GC heap after
{Heap after GC invocations=45 (full 0):
 garbage-first heap   total 342016K, used 160206K [0x0000000080000000, 0x0000000100000000)
  region size 1024K, 4 young (4096K), 4 survivors (4096K)
 Metaspace       used 116633K, capacity 119379K, committed 120984K, reserved 1155072K
  class space    used 14545K, capacity 15642K, committed 16328K, reserved 1048576K
}
Event: 18.556 GC heap before
{Heap before GC invocations=45 (full 0):
 garbage-first heap   total 342016K, used 291278K [0x0000000080000000, 0x0000000100000000)
  region size 1024K, 132 young (135168K), 4 survivors (4096K)
 Metaspace       used 116656K, capacity 119443K, committed 120984K, reserved 1155072K
  class space    used 14545K, capacity 15642K, committed 16328K, reserved 1048576K
}
Event: 18.560 GC heap after
{Heap after GC invocations=46 (full 0):
 garbage-first heap   total 342016K, used 160842K [0x0000000080000000, 0x0000000100000000)
  region size 1024K, 5 young (5120K), 5 survivors (5120K)
 Metaspace       used 116656K, capacity 119443K, committed 120984K, reserved 1155072K
  class space    used 14545K, capacity 15642K, committed 16328K, reserved 1048576K
}
Event: 18.751 GC heap before
{Heap before GC invocations=46 (full 0):
 garbage-first heap   total 342016K, used 291914K [0x0000000080000000, 0x0000000100000000)
  region size 1024K, 133 young (136192K), 5 survivors (5120K)
 Metaspace       used 116665K, capacity 119444K, committed 120984K, reserved 1155072K
  class space    used 14545K, capacity 15642K, committed 16328K, reserved 1048576K
}
Event: 18.758 GC heap after
{Heap after GC invocations=47 (full 0):
 garbage-first heap   total 342016K, used 161439K [0x0000000080000000, 0x0000000100000000)
  region size 1024K, 6 young (6144K), 6 survivors (6144K)
 Metaspace       used 116665K, capacity 119444K, committed 120984K, reserved 1155072K
  class space    used 14545K, capacity 15642K, committed 16328K, reserved 1048576K
}
Event: 18.944 GC heap before
{Heap before GC invocations=47 (full 0):
 garbage-first heap   total 342016K, used 293535K [0x0000000080000000, 0x0000000100000000)
  region size 1024K, 135 young (138240K), 6 survivors (6144K)
 Metaspace       used 116673K, capacity 119444K, committed 120984K, reserved 1155072K
  class space    used 14545K, capacity 15642K, committed 16328K, reserved 1048576K
}
Event: 18.951 GC heap after
{Heap after GC invocations=48 (full 0):
 garbage-first heap   total 342016K, used 162177K [0x0000000080000000, 0x0000000100000000)
  region size 1024K, 6 young (6144K), 6 survivors (6144K)
 Metaspace       used 116673K, capacity 119444K, committed 120984K, reserved 1155072K
  class space    used 14545K, capacity 15642K, committed 16328K, reserved 1048576K
}
Event: 19.212 GC heap before
{Heap before GC invocations=48 (full 0):
 garbage-first heap   total 342016K, used 295297K [0x0000000080000000, 0x0000000100000000)
  region size 1024K, 136 young (139264K), 6 survivors (6144K)
 Metaspace       used 116688K, capacity 119448K, committed 120984K, reserved 1155072K
  class space    used 14545K, capacity 15642K, committed 16328K, reserved 1048576K
}
Event: 19.219 GC heap after
{Heap after GC invocations=49 (full 0):
 garbage-first heap   total 342016K, used 162782K [0x0000000080000000, 0x0000000100000000)
  region size 1024K, 7 young (7168K), 7 survivors (7168K)
 Metaspace       used 116688K, capacity 119448K, committed 120984K, reserved 1155072K
  class space    used 14545K, capacity 15642K, committed 16328K, reserved 1048576K
}
Event: 19.486 GC heap before
{Heap before GC invocations=49 (full 0):
 garbage-first heap   total 342016K, used 296926K [0x0000000080000000, 0x0000000100000000)
  region size 1024K, 138 young (141312K), 7 survivors (7168K)
 Metaspace       used 116693K, capacity 119451K, committed 120984K, reserved 1155072K
  class space    used 14545K, capacity 15642K, committed 16328K, reserved 1048576K
}
Event: 19.491 GC heap after
{Heap after GC invocations=50 (full 0):
 garbage-first heap   total 342016K, used 163271K [0x0000000080000000, 0x0000000100000000)
  region size 1024K, 7 young (7168K), 7 survivors (7168K)
 Metaspace       used 116693K, capacity 119451K, committed 120984K, reserved 1155072K
  class space    used 14545K, capacity 15642K, committed 16328K, reserved 1048576K
}
Event: 19.821 GC heap before
{Heap before GC invocations=50 (full 0):
 garbage-first heap   total 342016K, used 298439K [0x0000000080000000, 0x0000000100000000)
  region size 1024K, 139 young (142336K), 7 survivors (7168K)
 Metaspace       used 117201K, capacity 120082K, committed 121240K, reserved 1155072K
  class space    used 14605K, capacity 15772K, committed 16328K, reserved 1048576K
}
Event: 19.832 GC heap after
{Heap after GC invocations=51 (full 0):
 garbage-first heap   total 342016K, used 166173K [0x0000000080000000, 0x0000000100000000)
  region size 1024K, 10 young (10240K), 10 survivors (10240K)
 Metaspace       used 117201K, capacity 120082K, committed 121240K, reserved 1155072K
  class space    used 14605K, capacity 15772K, committed 16328K, reserved 1048576K
}
Event: 20.246 GC heap before
{Heap before GC invocations=51 (full 0):
 garbage-first heap   total 342016K, used 296221K [0x0000000080000000, 0x0000000100000000)
  region size 1024K, 137 young (140288K), 10 survivors (10240K)
 Metaspace       used 117380K, capacity 120264K, committed 121496K, reserved 1155072K
  class space    used 14608K, capacity 15777K, committed 16328K, reserved 1048576K
}
Event: 20.311 GC heap after
{Heap after GC invocations=52 (full 0):
 garbage-first heap   total 410624K, used 163393K [0x0000000080000000, 0x0000000100000000)
  region size 1024K, 7 young (7168K), 7 survivors (7168K)
 Metaspace       used 117380K, capacity 120264K, committed 121496K, reserved 1155072K
  class space    used 14608K, capacity 15777K, committed 16328K, reserved 1048576K
}
Event: 21.141 GC heap before
{Heap before GC invocations=52 (full 0):
 garbage-first heap   total 410624K, used 334401K [0x0000000080000000, 0x0000000100000000)
  region size 1024K, 174 young (178176K), 7 survivors (7168K)
 Metaspace       used 117499K, capacity 120411K, committed 121496K, reserved 1155072K
  class space    used 14609K, capacity 15779K, committed 16328K, reserved 1048576K
}
Event: 21.153 GC heap after
{Heap after GC invocations=53 (full 0):
 garbage-first heap   total 410624K, used 168547K [0x0000000080000000, 0x0000000100000000)
  region size 1024K, 12 young (12288K), 12 survivors (12288K)
 Metaspace       used 117499K, capacity 120411K, committed 121496K, reserved 1155072K
  class space    used 14609K, capacity 15779K, committed 16328K, reserved 1048576K
}

